2025-08-04T10:14:16.167+09:00  INFO 37328 --- [main] c.e.ordersystem.OrdersystemApplication   : Starting OrdersystemApplication using Java 24.0.1 with PID 37328 (C:\Users\Playdata\Desktop\16\ordersystem\build\classes\java\main started by Playdata in C:\Users\Playdata\Desktop\16\ordersystem)
2025-08-04T10:14:16.170+09:00  INFO 37328 --- [main] c.e.ordersystem.OrdersystemApplication   : The following 1 profile is active: "prod"
2025-08-04T10:14:17.501+09:00  INFO 37328 --- [main] .s.d.r.c.RepositoryConfigurationDelegate : Multiple Spring Data modules found, entering strict repository configuration mode
2025-08-04T10:14:17.502+09:00  INFO 37328 --- [main] .s.d.r.c.RepositoryConfigurationDelegate : Bootstrapping Spring Data JDBC repositories in DEFAULT mode.
2025-08-04T10:14:17.548+09:00  INFO 37328 --- [main] .RepositoryConfigurationExtensionSupport : Spring Data JDBC - Could not safely identify store assignment for repository candidate interface com.example.ordersystem.member.repository.MemberRepository; If you want this repository to be a JDBC repository, consider annotating your entities with one of these annotations: org.springframework.data.relational.core.mapping.Table.
2025-08-04T10:14:17.550+09:00  INFO 37328 --- [main] .RepositoryConfigurationExtensionSupport : Spring Data JDBC - Could not safely identify store assignment for repository candidate interface com.example.ordersystem.ordering.repository.OrderDetailRepository; If you want this repository to be a JDBC repository, consider annotating your entities with one of these annotations: org.springframework.data.relational.core.mapping.Table.
2025-08-04T10:14:17.552+09:00  INFO 37328 --- [main] .RepositoryConfigurationExtensionSupport : Spring Data JDBC - Could not safely identify store assignment for repository candidate interface com.example.ordersystem.ordering.repository.OrderingRepository; If you want this repository to be a JDBC repository, consider annotating your entities with one of these annotations: org.springframework.data.relational.core.mapping.Table.
2025-08-04T10:14:17.554+09:00  INFO 37328 --- [main] .RepositoryConfigurationExtensionSupport : Spring Data JDBC - Could not safely identify store assignment for repository candidate interface com.example.ordersystem.product.repository.ProductRepository; If you want this repository to be a JDBC repository, consider annotating your entities with one of these annotations: org.springframework.data.relational.core.mapping.Table.
2025-08-04T10:14:17.555+09:00  INFO 37328 --- [main] .s.d.r.c.RepositoryConfigurationDelegate : Finished Spring Data repository scanning in 45 ms. Found 0 JDBC repository interfaces.
2025-08-04T10:14:17.569+09:00  INFO 37328 --- [main] .s.d.r.c.RepositoryConfigurationDelegate : Multiple Spring Data modules found, entering strict repository configuration mode
2025-08-04T10:14:17.570+09:00  INFO 37328 --- [main] .s.d.r.c.RepositoryConfigurationDelegate : Bootstrapping Spring Data JPA repositories in DEFAULT mode.
2025-08-04T10:14:17.729+09:00  INFO 37328 --- [main] .s.d.r.c.RepositoryConfigurationDelegate : Finished Spring Data repository scanning in 154 ms. Found 4 JPA repository interfaces.
2025-08-04T10:14:17.746+09:00  INFO 37328 --- [main] .s.d.r.c.RepositoryConfigurationDelegate : Multiple Spring Data modules found, entering strict repository configuration mode
2025-08-04T10:14:17.747+09:00  INFO 37328 --- [main] .s.d.r.c.RepositoryConfigurationDelegate : Bootstrapping Spring Data Redis repositories in DEFAULT mode.
2025-08-04T10:14:17.766+09:00  INFO 37328 --- [main] .RepositoryConfigurationExtensionSupport : Spring Data Redis - Could not safely identify store assignment for repository candidate interface com.example.ordersystem.member.repository.MemberRepository; If you want this repository to be a Redis repository, consider annotating your entities with one of these annotations: org.springframework.data.redis.core.RedisHash (preferred), or consider extending one of the following types with your repository: org.springframework.data.keyvalue.repository.KeyValueRepository
2025-08-04T10:14:17.767+09:00  INFO 37328 --- [main] .RepositoryConfigurationExtensionSupport : Spring Data Redis - Could not safely identify store assignment for repository candidate interface com.example.ordersystem.ordering.repository.OrderDetailRepository; If you want this repository to be a Redis repository, consider annotating your entities with one of these annotations: org.springframework.data.redis.core.RedisHash (preferred), or consider extending one of the following types with your repository: org.springframework.data.keyvalue.repository.KeyValueRepository
2025-08-04T10:14:17.767+09:00  INFO 37328 --- [main] .RepositoryConfigurationExtensionSupport : Spring Data Redis - Could not safely identify store assignment for repository candidate interface com.example.ordersystem.ordering.repository.OrderingRepository; If you want this repository to be a Redis repository, consider annotating your entities with one of these annotations: org.springframework.data.redis.core.RedisHash (preferred), or consider extending one of the following types with your repository: org.springframework.data.keyvalue.repository.KeyValueRepository
2025-08-04T10:14:17.767+09:00  INFO 37328 --- [main] .RepositoryConfigurationExtensionSupport : Spring Data Redis - Could not safely identify store assignment for repository candidate interface com.example.ordersystem.product.repository.ProductRepository; If you want this repository to be a Redis repository, consider annotating your entities with one of these annotations: org.springframework.data.redis.core.RedisHash (preferred), or consider extending one of the following types with your repository: org.springframework.data.keyvalue.repository.KeyValueRepository
2025-08-04T10:14:17.767+09:00  INFO 37328 --- [main] .s.d.r.c.RepositoryConfigurationDelegate : Finished Spring Data repository scanning in 8 ms. Found 0 Redis repository interfaces.
2025-08-04T10:14:17.944+09:00  WARN 37328 --- [main] o.m.s.mapper.ClassPathMapperScanner      : No MyBatis mapper was found in '[com.example.ordersystem]' package. Please check your configuration.
2025-08-04T10:14:18.714+09:00  INFO 37328 --- [main] o.s.b.w.embedded.tomcat.TomcatWebServer  : Tomcat initialized with port 8080 (http)
2025-08-04T10:14:18.734+09:00  INFO 37328 --- [main] o.apache.catalina.core.StandardService   : Starting service [Tomcat]
2025-08-04T10:14:18.734+09:00  INFO 37328 --- [main] o.apache.catalina.core.StandardEngine    : Starting Servlet engine: [Apache Tomcat/10.1.43]
2025-08-04T10:14:18.844+09:00  INFO 37328 --- [main] o.a.c.c.C.[Tomcat].[localhost].[/]       : Initializing Spring embedded WebApplicationContext
2025-08-04T10:14:18.845+09:00  INFO 37328 --- [main] w.s.c.ServletWebServerApplicationContext : Root WebApplicationContext: initialization completed in 2625 ms
2025-08-04T10:14:19.079+09:00  INFO 37328 --- [main] o.hibernate.jpa.internal.util.LogHelper  : HHH000204: Processing PersistenceUnitInfo [name: default]
2025-08-04T10:14:19.171+09:00  INFO 37328 --- [main] org.hibernate.Version                    : HHH000412: Hibernate ORM core version 6.6.22.Final
2025-08-04T10:14:19.220+09:00  INFO 37328 --- [main] o.h.c.internal.RegionFactoryInitiator    : HHH000026: Second-level cache disabled
2025-08-04T10:14:19.584+09:00  INFO 37328 --- [main] o.s.o.j.p.SpringPersistenceUnitInfo      : No LoadTimeWeaver setup: ignoring JPA class transformer
2025-08-04T10:14:19.624+09:00  INFO 37328 --- [main] com.zaxxer.hikari.HikariDataSource       : HikariPool-1 - Starting...
2025-08-04T10:14:19.740+09:00  INFO 37328 --- [main] com.zaxxer.hikari.pool.HikariPool        : HikariPool-1 - Added connection org.mariadb.jdbc.Connection@16944b58
2025-08-04T10:14:19.743+09:00  INFO 37328 --- [main] com.zaxxer.hikari.HikariDataSource       : HikariPool-1 - Start completed.
2025-08-04T10:14:19.785+09:00  WARN 37328 --- [main] org.hibernate.orm.deprecation            : HHH90000025: MariaDBDialect does not need to be specified explicitly using 'hibernate.dialect' (remove the property setting and it will be selected by default)
2025-08-04T10:14:19.806+09:00  INFO 37328 --- [main] org.hibernate.orm.connections.pooling    : HHH10001005: Database info:
	Database JDBC URL [Connecting through datasource 'HikariDataSource (HikariPool-1)']
	Database driver: undefined/unknown
	Database version: 11.8.2
	Autocommit mode: undefined/unknown
	Isolation level: undefined/unknown
	Minimum pool size: undefined/unknown
	Maximum pool size: undefined/unknown
2025-08-04T10:14:21.033+09:00  INFO 37328 --- [main] o.h.e.t.j.p.i.JtaPlatformInitiator       : HHH000489: No JTA platform available (set 'hibernate.transaction.jta.platform' to enable JTA platform integration)
2025-08-04T10:14:21.313+09:00  INFO 37328 --- [main] j.LocalContainerEntityManagerFactoryBean : Initialized JPA EntityManagerFactory for persistence unit 'default'
2025-08-04T10:14:23.079+09:00  WARN 37328 --- [main] JpaBaseConfiguration$JpaWebConfiguration : spring.jpa.open-in-view is enabled by default. Therefore, database queries may be performed during view rendering. Explicitly configure spring.jpa.open-in-view to disable this warning
2025-08-04T10:14:23.128+09:00  WARN 37328 --- [main] .s.s.UserDetailsServiceAutoConfiguration : 

Using generated security password: 03d73407-4162-40f9-98c5-6ffa6995e74d

This generated password is for development use only. Your security configuration must be updated before running your application in production.

2025-08-04T10:14:23.135+09:00  INFO 37328 --- [main] r$InitializeUserDetailsManagerConfigurer : Global AuthenticationManager configured with UserDetailsService bean with name inMemoryUserDetailsManager
2025-08-04T10:14:24.212+09:00  INFO 37328 --- [main] o.s.b.w.embedded.tomcat.TomcatWebServer  : Tomcat started on port 8080 (http) with context path '/'
2025-08-04T10:14:24.652+09:00  INFO 37328 --- [main] o.s.a.r.c.CachingConnectionFactory       : Attempting to connect to: localhost:5672
2025-08-04T10:14:24.702+09:00  INFO 37328 --- [main] o.s.a.r.c.CachingConnectionFactory       : Created new connection: connectionFactory#6aeb769d:0/SimpleConnection@1bf6d24a [delegate=amqp://guest@127.0.0.1:5672/, localPort=50723]
2025-08-04T10:14:24.793+09:00  INFO 37328 --- [main] c.e.ordersystem.OrdersystemApplication   : Started OrdersystemApplication in 9.3 seconds (process running for 9.787)
2025-08-216 10:23 o.h.validator.internal.util.Version-HV000001: Hibernate Validator 8.0.2.Final
2025-08-216 10:23 c.e.o.OrdersystemApplication-Starting OrdersystemApplication using Java 24.0.1 with PID 52160 (C:\Users\Playdata\Desktop\16\ordersystem\build\classes\java\main started by Playdata in C:\Users\Playdata\Desktop\16\ordersystem)
2025-08-216 10:23 c.e.o.OrdersystemApplication-The following 1 profile is active: "prod"
2025-08-216 10:23 o.s.d.r.c.RepositoryConfigurationDelegate-Multiple Spring Data modules found, entering strict repository configuration mode
2025-08-216 10:23 o.s.d.r.c.RepositoryConfigurationDelegate-Bootstrapping Spring Data JDBC repositories in DEFAULT mode.
2025-08-216 10:23 o.s.d.r.c.RepositoryConfigurationExtensionSupport-Spring Data JDBC - Could not safely identify store assignment for repository candidate interface com.example.ordersystem.member.repository.MemberRepository; If you want this repository to be a JDBC repository, consider annotating your entities with one of these annotations: org.springframework.data.relational.core.mapping.Table.
2025-08-216 10:23 o.s.d.r.c.RepositoryConfigurationExtensionSupport-Spring Data JDBC - Could not safely identify store assignment for repository candidate interface com.example.ordersystem.ordering.repository.OrderDetailRepository; If you want this repository to be a JDBC repository, consider annotating your entities with one of these annotations: org.springframework.data.relational.core.mapping.Table.
2025-08-216 10:23 o.s.d.r.c.RepositoryConfigurationExtensionSupport-Spring Data JDBC - Could not safely identify store assignment for repository candidate interface com.example.ordersystem.ordering.repository.OrderingRepository; If you want this repository to be a JDBC repository, consider annotating your entities with one of these annotations: org.springframework.data.relational.core.mapping.Table.
2025-08-216 10:23 o.s.d.r.c.RepositoryConfigurationExtensionSupport-Spring Data JDBC - Could not safely identify store assignment for repository candidate interface com.example.ordersystem.product.repository.ProductRepository; If you want this repository to be a JDBC repository, consider annotating your entities with one of these annotations: org.springframework.data.relational.core.mapping.Table.
2025-08-216 10:23 o.s.d.r.c.RepositoryConfigurationDelegate-Finished Spring Data repository scanning in 37 ms. Found 0 JDBC repository interfaces.
2025-08-216 10:23 o.s.d.r.c.RepositoryConfigurationDelegate-Multiple Spring Data modules found, entering strict repository configuration mode
2025-08-216 10:23 o.s.d.r.c.RepositoryConfigurationDelegate-Bootstrapping Spring Data JPA repositories in DEFAULT mode.
2025-08-216 10:23 o.s.d.r.c.RepositoryConfigurationDelegate-Finished Spring Data repository scanning in 141 ms. Found 4 JPA repository interfaces.
2025-08-216 10:23 o.s.d.r.c.RepositoryConfigurationDelegate-Multiple Spring Data modules found, entering strict repository configuration mode
2025-08-216 10:23 o.s.d.r.c.RepositoryConfigurationDelegate-Bootstrapping Spring Data Redis repositories in DEFAULT mode.
2025-08-216 10:23 o.s.d.r.c.RepositoryConfigurationExtensionSupport-Spring Data Redis - Could not safely identify store assignment for repository candidate interface com.example.ordersystem.member.repository.MemberRepository; If you want this repository to be a Redis repository, consider annotating your entities with one of these annotations: org.springframework.data.redis.core.RedisHash (preferred), or consider extending one of the following types with your repository: org.springframework.data.keyvalue.repository.KeyValueRepository
2025-08-216 10:23 o.s.d.r.c.RepositoryConfigurationExtensionSupport-Spring Data Redis - Could not safely identify store assignment for repository candidate interface com.example.ordersystem.ordering.repository.OrderDetailRepository; If you want this repository to be a Redis repository, consider annotating your entities with one of these annotations: org.springframework.data.redis.core.RedisHash (preferred), or consider extending one of the following types with your repository: org.springframework.data.keyvalue.repository.KeyValueRepository
2025-08-216 10:23 o.s.d.r.c.RepositoryConfigurationExtensionSupport-Spring Data Redis - Could not safely identify store assignment for repository candidate interface com.example.ordersystem.ordering.repository.OrderingRepository; If you want this repository to be a Redis repository, consider annotating your entities with one of these annotations: org.springframework.data.redis.core.RedisHash (preferred), or consider extending one of the following types with your repository: org.springframework.data.keyvalue.repository.KeyValueRepository
2025-08-216 10:23 o.s.d.r.c.RepositoryConfigurationExtensionSupport-Spring Data Redis - Could not safely identify store assignment for repository candidate interface com.example.ordersystem.product.repository.ProductRepository; If you want this repository to be a Redis repository, consider annotating your entities with one of these annotations: org.springframework.data.redis.core.RedisHash (preferred), or consider extending one of the following types with your repository: org.springframework.data.keyvalue.repository.KeyValueRepository
2025-08-216 10:23 o.s.d.r.c.RepositoryConfigurationDelegate-Finished Spring Data repository scanning in 9 ms. Found 0 Redis repository interfaces.
2025-08-216 10:23 o.m.s.mapper.ClassPathMapperScanner-No MyBatis mapper was found in '[com.example.ordersystem]' package. Please check your configuration.
2025-08-216 10:23 o.s.b.w.e.tomcat.TomcatWebServer-Tomcat initialized with port 8080 (http)
2025-08-216 10:23 o.a.coyote.http11.Http11NioProtocol-Initializing ProtocolHandler ["http-nio-8080"]
2025-08-216 10:23 o.a.catalina.core.StandardService-Starting service [Tomcat]
2025-08-216 10:23 o.a.catalina.core.StandardEngine-Starting Servlet engine: [Apache Tomcat/10.1.43]
2025-08-216 10:23 o.a.c.c.C.[Tomcat].[localhost].[/]-Initializing Spring embedded WebApplicationContext
2025-08-216 10:23 o.s.b.w.s.c.ServletWebServerApplicationContext-Root WebApplicationContext: initialization completed in 2498 ms
2025-08-216 10:23 o.h.jpa.internal.util.LogHelper-HHH000204: Processing PersistenceUnitInfo [name: default]
2025-08-216 10:23 org.hibernate.Version-HHH000412: Hibernate ORM core version 6.6.22.Final
2025-08-216 10:23 o.h.c.i.RegionFactoryInitiator-HHH000026: Second-level cache disabled
2025-08-216 10:23 o.s.o.j.p.SpringPersistenceUnitInfo-No LoadTimeWeaver setup: ignoring JPA class transformer
2025-08-216 10:23 com.zaxxer.hikari.HikariDataSource-HikariPool-1 - Starting...
2025-08-216 10:23 com.zaxxer.hikari.pool.HikariPool-HikariPool-1 - Added connection org.mariadb.jdbc.Connection@6071631f
2025-08-216 10:23 com.zaxxer.hikari.HikariDataSource-HikariPool-1 - Start completed.
2025-08-216 10:23 org.hibernate.orm.deprecation-HHH90000025: MariaDBDialect does not need to be specified explicitly using 'hibernate.dialect' (remove the property setting and it will be selected by default)
2025-08-216 10:23 o.hibernate.orm.connections.pooling-HHH10001005: Database info:
	Database JDBC URL [Connecting through datasource 'HikariDataSource (HikariPool-1)']
	Database driver: undefined/unknown
	Database version: 11.8.2
	Autocommit mode: undefined/unknown
	Isolation level: undefined/unknown
	Minimum pool size: undefined/unknown
	Maximum pool size: undefined/unknown
2025-08-216 10:23 o.h.e.t.j.p.i.JtaPlatformInitiator-HHH000489: No JTA platform available (set 'hibernate.transaction.jta.platform' to enable JTA platform integration)
2025-08-216 10:23 o.s.o.j.LocalContainerEntityManagerFactoryBean-Initialized JPA EntityManagerFactory for persistence unit 'default'
2025-08-216 10:23 o.s.b.a.o.j.JpaBaseConfiguration$JpaWebConfiguration-spring.jpa.open-in-view is enabled by default. Therefore, database queries may be performed during view rendering. Explicitly configure spring.jpa.open-in-view to disable this warning
2025-08-216 10:23 o.s.b.a.s.s.UserDetailsServiceAutoConfiguration-

Using generated security password: bcd567fc-5753-4b4d-b09d-3bc271278653

This generated password is for development use only. Your security configuration must be updated before running your application in production.

2025-08-216 10:23 o.s.s.c.a.a.c.InitializeUserDetailsBeanManagerConfigurer$InitializeUserDetailsManagerConfigurer-Global AuthenticationManager configured with UserDetailsService bean with name inMemoryUserDetailsManager
2025-08-216 10:23 o.a.coyote.http11.Http11NioProtocol-Starting ProtocolHandler ["http-nio-8080"]
2025-08-216 10:23 o.s.b.w.e.tomcat.TomcatWebServer-Tomcat started on port 8080 (http) with context path '/'
2025-08-216 10:23 o.s.a.r.c.CachingConnectionFactory-Attempting to connect to: localhost:5672
2025-08-216 10:23 o.s.a.r.c.CachingConnectionFactory-Created new connection: connectionFactory#1f8e1096:0/SimpleConnection@3a9a1adf [delegate=amqp://guest@127.0.0.1:5672/, localPort=50788]
2025-08-216 10:23 c.e.o.OrdersystemApplication-Started OrdersystemApplication in 8.929 seconds (process running for 9.647)
2025-08-216 10:24 o.a.c.c.C.[Tomcat].[localhost].[/]-Initializing Spring DispatcherServlet 'dispatcherServlet'
2025-08-216 10:24 o.s.web.servlet.DispatcherServlet-Initializing Servlet 'dispatcherServlet'
2025-08-216 10:24 o.s.web.servlet.DispatcherServlet-Completed initialization in 1 ms
2025-08-216 10:24 c.e.o.common.auth.JwtTokenFilter-JWT expired at 2025-08-01T23:21:01Z. Current time: 2025-08-04T01:24:52Z, a difference of 180231481 milliseconds.  Allowed clock skew: 0 milliseconds.
2025-08-216 10:24 c.e.o.c.a.JwtAuthenticationHandler-Full authentication is required to access this resource
